<?xml version="1.0" encoding="UTF-8"?>
<testng-results skipped="0" failed="0" total="1" passed="1">
  <reporter-output>
  </reporter-output>
  <suite name="Default suite" duration-ms="13987" started-at="2019-05-14T12:10:33Z" finished-at="2019-05-14T12:10:47Z">
    <groups>
    </groups>
    <test name="Default test" duration-ms="13987" started-at="2019-05-14T12:10:33Z" finished-at="2019-05-14T12:10:47Z">
      <class name="TestBase.Testclass">
        <test-method status="PASS" signature="exe1()[pri:0, instance:TestBase.Testclass@5cc7c2a6]" name="exe1" duration-ms="13946" started-at="2019-05-14T05:10:33Z" finished-at="2019-05-14T05:10:47Z">
          <reporter-output>
          </reporter-output>
        </test-method> <!-- exe1 -->
      </class> <!-- TestBase.Testclass -->
    </test> <!-- Default test -->
  </suite> <!-- Default suite -->
</testng-results>
